hx/build/outputs/logs/manifest-merger-release-report.txt
-- Merging decision tree log ---
manifest
ADDED from src\main\AndroidManifest.xml:2:1-26:12
INJECTED from src\main\AndroidManifest.xml:2:1-26:12
INJECTED from src\main\AndroidManifest.xml:2:1-26:12
	package
		ADDED from src\main\AndroidManifest.xml:3:5-39
		INJECTED from src\main\AndroidManifest.xml
		INJECTED from src\main\AndroidManifest.xml
	xmlns:android
		ADDED from src\main\AndroidManifest.xml:2:11-69
uses-permission#android.permission.CAMERA
ADDED from src\main\AndroidManifest.xml:5:5-65
	android:name
		ADDED from src\main\AndroidManifest.xml:5:22-62
application
ADDED from src\main\AndroidManifest.xml:7:5-24:19
	android:theme
		ADDED from src\main\AndroidManifest.xml:7:18-49
activity#com.hyphenate.chatuidemo.my.VideoPlayActivity
ADDED from src\main\AndroidManifest.xml:8:9-10:52
	android:screenOrientation
		ADDED from src\main\AndroidManifest.xml:10:13-49
	android:name
		ADDED from src\main\AndroidManifest.xml:9:13-49
activity#com.hyphenate.chatuidemo.my.TableActivity
ADDED from src\main\AndroidManifest.xml:11:9-13:52
	android:screenOrientation
		ADDED from src\main\AndroidManifest.xml:13:13-49
	android:name
		ADDED from src\main\AndroidManifest.xml:12:13-45
activity#com.hyphenate.chatuidemo.my.CameActivity
ADDED from src\main\AndroidManifest.xml:14:9-16:52
	android:screenOrientation
		ADDED from src\main\AndroidManifest.xml:16:13-49
	android:name
		ADDED from src\main\AndroidManifest.xml:15:13-44
activity#com.hyphenate.chatuidemo.my.CreatTeamActivity
ADDED from src\main\AndroidManifest.xml:17:9-20:52
	android:screenOrientation
		ADDED from src\main\AndroidManifest.xml:19:13-49
	android:theme
		ADDED from src\main\AndroidManifest.xml:20:13-49
	android:name
		ADDED from src\main\AndroidManifest.xml:18:13-49
activity#com.hyphenate.chatuidemo.my.InviteMemberActivity
ADDED from src\main\AndroidManifest.xml:21:9-61
	android:name
		ADDED from src\main\AndroidManifest.xml:21:19-58
activity#com.hyphenate.chatuidemo.my.SetTagActivity
ADDED from src\main\AndroidManifest.xml:22:9-55
	android:name
		ADDED from src\main\AndroidManifest.xml:22:19-52
activity#com.hyphenate.chatuidemo.my.SimpleVideoActivity
ADDED from src\main\AndroidManifest.xml:23:9-69
	android:name
		ADDED from src\main\AndroidManifest.xml:23:19-57
uses-sdk
INJECTED from src\main\AndroidManifest.xml reason: use-sdk injection requested
INJECTED from src\main\AndroidManifest.xml
INJECTED from src\main\AndroidManifest.xml
INJECTED from src\main\AndroidManifest.xml
INJECTED from src\main\AndroidManifest.xml
	android:targetSdkVersion
		INJECTED from src\main\AndroidManifest.xml
		ADDED from src\main\AndroidManifest.xml
		INJECTED from src\main\AndroidManifest.xml
	android:minSdkVersion
		INJECTED from src\main\AndroidManifest.xml
		ADDED from src\main\AndroidManifest.xml
		INJECTED from src\main\AndroidManifest.xml